********************************************************************************
PACKAGE-LOG: 2016-07-06 19:23:22
NOTICE: Do NOT post to public sites or forums 
********************************************************************************
VERSION:	1.1.14
WORDPRESS:	4.5.3
PHP INFO:	5.5.9-1ubuntu4.17 | SAPI: apache2handler
SERVER:		Apache/2.4.7 (Ubuntu) 
PHP TIME LIMIT: (0) no time limit imposed 
PHP MAX MEMORY: 2048M (900M default) 
MEMORY STACK: 41.5MB 

********************************************************************************
DATABASE:
********************************************************************************
BUILD MODE:   PHP(query limit - 100)
MYSQLTIMEOUT: 5000
MYSQLDUMP:    Is Supported 
TABLES: total:51 | filtered:0 | create:51 
FILTERED: [] 
SQL CREATED: 20160706_unitedsubs_577d5a84a175b7629160706192244_database.sql 
SQL FILE SIZE: 1.59MB (1669340) 
SQL FILE TIME: 2016-07-06 19:23:23 
SQL RUNTIME: 0.38 sec. 

******************************************************************************** 
ARCHIVE (ZIP): 
******************************************************************************** 
ARCHIVE DIR:  /home/ubuntu/workspace 
ARCHIVE FILE: 20160706_unitedsubs_577d5a84a175b7629160706192244_archive.zip 
FILTERS: *OFF* 
DIRS:  not set 
EXTS:  not set 
---------------------------------------- 
COMPRESSING 
SIZE:	187.26MB 
STATS:	Dirs 1,842 | Files 11,433 
SQL ADDED: 20160706_unitedsubs_577d5a84a175b7629160706192244_database.sql 
ZipArchive Object
(
    [status] => 0
    [statusSys] => 0
    [numFiles] => 13275
    [filename] => /home/ubuntu/workspace/wp-snapshots/tmp/20160706_unitedsubs_577d5a84a175b7629160706192244_archive.zip
    [comment] => 
)
 
COMPRESSION RESULT: '1' 
COMPRESSED SIZE: 93.87MB 
ARCHIVE RUNTIME: 25.89 sec. 
MEMORY STACK: 46.25MB 

******************************************************************************** 
MAKE INSTALLER: 
******************************************************************************** 
Build Start 
Build Finished 
Preping for use 
Template parsed with new data 
Complete [/home/ubuntu/workspace/wp-snapshots/tmp/20160706_unitedsubs_577d5a84a175b7629160706192244_installer.php] 
Added to archive 

******************************************************************************** 
INTEGRITY CHECKS: 
******************************************************************************** 
SQL File: 1.59MB 
Installer File: 346.02KB 
Archive File: 93.87MB  

********************************************************************************
RECORD ID:[1]
TOTAL PROCESS RUNTIME: 27.99 sec.
PEAK PHP MEMORY USED: 47.25MB
DONE PROCESSING => 20160706_unitedsubs 2016-07-06 19:23:50
 
